<?xml version="1.0" encoding="UTF-8"?>
<!-- Generated by org.testng.reporters.JUnitReportReporter -->
<testsuite hostname="Taruns-MacBook-Pro.local" failures="0" tests="7" name="seleniummaven.firstdemo" time="19.085" errors="0" timestamp="2022-10-17T12:40:06 IST" skipped="5">
  <testcase classname="seleniummaven.firstdemo" name="TestCase2" time="5.259"/>
  <system-out/>
  <testcase classname="seleniummaven.firstdemo" name="windowHandling" time="13.826"/>
  <system-out/>
  <testcase classname="seleniummaven.firstdemo" name="Test_Working_links">
    <skipped/>
  </testcase> <!-- Test_Working_links -->
  <system-out/>
  <testcase classname="seleniummaven.firstdemo" name="TestCase3">
    <skipped/>
  </testcase> <!-- TestCase3 -->
  <system-out/>
  <testcase classname="seleniummaven.firstdemo" name="TestCase1">
    <skipped/>
  </testcase> <!-- TestCase1 -->
  <system-out/>
  <testcase classname="seleniummaven.firstdemo" name="TestCase4">
    <skipped/>
  </testcase> <!-- TestCase4 -->
  <system-out/>
  <testcase classname="seleniummaven.firstdemo" name="TestLinks">
    <skipped/>
  </testcase> <!-- TestLinks -->
  <system-out/>
</testsuite> <!-- seleniummaven.firstdemo -->
